<component name="libraryTable">
  <library name="junit-4.8.1">
    <CLASSES>
      <root url="jar://$USER_HOME$/jar/junit-4.8.1.jar!/" />
    </CLASSES>
    <JAVADOC />
    <SOURCES />
  </library>
</component>